<?xml version="1.0" encoding="UTF-8"?>
<testng-results ignored="0" total="2" passed="2" failed="0" skipped="0">
  <reporter-output>
  </reporter-output>
  <suite started-at="2021-10-25T22:19:36 IST" name="Surefire suite" finished-at="2021-10-25T22:19:36 IST" duration-ms="43">
    <groups>
    </groups>
    <test started-at="2021-10-25T22:19:36 IST" name="Surefire test" finished-at="2021-10-25T22:19:36 IST" duration-ms="43">
      <class name="project.Maven.SeleniumTest">
        <test-method signature="browserAutomation()[pri:0, instance:project.Maven.SeleniumTest@4d1c00d0]" started-at="2021-10-25T22:19:36 IST" name="browserAutomation" finished-at="2021-10-25T22:19:36 IST" duration-ms="4" status="PASS">
          <reporter-output>
          </reporter-output>
        </test-method> <!-- browserAutomation -->
        <test-method signature="elementUI()[pri:0, instance:project.Maven.SeleniumTest@4d1c00d0]" started-at="2021-10-25T22:19:36 IST" name="elementUI" finished-at="2021-10-25T22:19:36 IST" duration-ms="0" status="PASS">
          <reporter-output>
          </reporter-output>
        </test-method> <!-- elementUI -->
      </class> <!-- project.Maven.SeleniumTest -->
    </test> <!-- Surefire test -->
  </suite> <!-- Surefire suite -->
</testng-results>
