<?xml version="1.0" encoding="UTF-8"?>
<!-- Generated by org.testng.reporters.JUnitXMLReporter -->
<testsuite ignored="0" hostname="LAPTOP-H5HBHGQL" failures="0" tests="4" name="Test" time="0.043" errors="0" timestamp="2021-10-25T22:53:13 IST">
  <testcase classname="project.Maven.AppiumTest" name="IOSapps" time="0.003"/>
  <testcase classname="project.Maven.AppiumTest" name="appAndroid" time="0.001"/>
  <testcase classname="project.Maven.RestAPItest" name="deleteCookies" time="0.0"/>
  <testcase classname="project.Maven.RestAPItest" name="postJira" time="0.0"/>
</testsuite> <!-- Test -->
