<?xml version="1.0" encoding="UTF-8"?>
<testng-results ignored="0" total="4" passed="4" failed="0" skipped="0">
  <reporter-output>
  </reporter-output>
  <suite started-at="2021-10-25T22:53:13 IST" name="Suite" finished-at="2021-10-25T22:53:13 IST" duration-ms="43">
    <groups>
    </groups>
    <test started-at="2021-10-25T22:53:13 IST" name="Test" finished-at="2021-10-25T22:53:13 IST" duration-ms="43">
      <class name="project.Maven.RestAPItest">
        <test-method signature="deleteCookies()[pri:0, instance:project.Maven.RestAPItest@4d910fd6]" started-at="2021-10-25T22:53:13 IST" name="deleteCookies" finished-at="2021-10-25T22:53:13 IST" duration-ms="0" status="PASS">
          <reporter-output>
          </reporter-output>
        </test-method> <!-- deleteCookies -->
        <test-method signature="postJira()[pri:0, instance:project.Maven.RestAPItest@4d910fd6]" started-at="2021-10-25T22:53:13 IST" name="postJira" finished-at="2021-10-25T22:53:13 IST" duration-ms="0" status="PASS">
          <reporter-output>
          </reporter-output>
        </test-method> <!-- postJira -->
      </class> <!-- project.Maven.RestAPItest -->
      <class name="project.Maven.AppiumTest">
        <test-method signature="IOSapps()[pri:0, instance:project.Maven.AppiumTest@5136d012]" started-at="2021-10-25T22:53:13 IST" name="IOSapps" finished-at="2021-10-25T22:53:13 IST" duration-ms="3" status="PASS">
          <reporter-output>
          </reporter-output>
        </test-method> <!-- IOSapps -->
        <test-method signature="appAndroid()[pri:0, instance:project.Maven.AppiumTest@5136d012]" started-at="2021-10-25T22:53:13 IST" name="appAndroid" finished-at="2021-10-25T22:53:13 IST" duration-ms="1" status="PASS">
          <reporter-output>
          </reporter-output>
        </test-method> <!-- appAndroid -->
      </class> <!-- project.Maven.AppiumTest -->
    </test> <!-- Test -->
  </suite> <!-- Suite -->
</testng-results>
