<?xml version="1.0" encoding="UTF-8"?>
<testng-results ignored="0" total="4" passed="4" failed="0" skipped="0">
  <reporter-output>
  </reporter-output>
  <suite started-at="2021-10-25T22:52:33 IST" name="Suite" finished-at="2021-10-25T22:52:33 IST" duration-ms="52">
    <groups>
    </groups>
    <test started-at="2021-10-25T22:52:33 IST" name="Test" finished-at="2021-10-25T22:52:33 IST" duration-ms="52">
      <class name="project.Maven.RestAPItest">
        <test-method signature="deleteCookies()[pri:0, instance:project.Maven.RestAPItest@67a20f67]" started-at="2021-10-25T22:52:33 IST" name="deleteCookies" finished-at="2021-10-25T22:52:33 IST" duration-ms="2" status="PASS">
          <reporter-output>
          </reporter-output>
        </test-method> <!-- deleteCookies -->
        <test-method signature="postJira()[pri:0, instance:project.Maven.RestAPItest@67a20f67]" started-at="2021-10-25T22:52:33 IST" name="postJira" finished-at="2021-10-25T22:52:33 IST" duration-ms="1" status="PASS">
          <reporter-output>
          </reporter-output>
        </test-method> <!-- postJira -->
      </class> <!-- project.Maven.RestAPItest -->
      <class name="project.Maven.AppiumTest">
        <test-method signature="IOSapps()[pri:0, instance:project.Maven.AppiumTest@3c130745]" started-at="2021-10-25T22:52:33 IST" name="IOSapps" finished-at="2021-10-25T22:52:33 IST" duration-ms="7" status="PASS">
          <reporter-output>
          </reporter-output>
        </test-method> <!-- IOSapps -->
        <test-method signature="appAndroid()[pri:0, instance:project.Maven.AppiumTest@3c130745]" started-at="2021-10-25T22:52:33 IST" name="appAndroid" finished-at="2021-10-25T22:52:33 IST" duration-ms="1" status="PASS">
          <reporter-output>
          </reporter-output>
        </test-method> <!-- appAndroid -->
      </class> <!-- project.Maven.AppiumTest -->
    </test> <!-- Test -->
  </suite> <!-- Suite -->
</testng-results>
